[2021-02-20 20:20:56,826] INFO Starting the log cleaner (kafka.log.LogCleaner)
[2021-02-20 20:20:56,999] INFO [kafka-log-cleaner-thread-0]: Starting (kafka.log.LogCleaner)
[2021-02-20 20:49:27,575] INFO Shutting down the log cleaner. (kafka.log.LogCleaner)
[2021-02-20 20:49:27,576] INFO [kafka-log-cleaner-thread-0]: Shutting down (kafka.log.LogCleaner)
[2021-02-20 20:49:27,577] INFO [kafka-log-cleaner-thread-0]: Stopped (kafka.log.LogCleaner)
[2021-02-20 20:49:27,578] INFO [kafka-log-cleaner-thread-0]: Shutdown completed (kafka.log.LogCleaner)
[2021-02-20 21:00:53,905] INFO Starting the log cleaner (kafka.log.LogCleaner)
[2021-02-20 21:00:54,125] INFO [kafka-log-cleaner-thread-0]: Starting (kafka.log.LogCleaner)
[2021-02-20 21:08:38,028] INFO Shutting down the log cleaner. (kafka.log.LogCleaner)
[2021-02-20 21:08:38,029] INFO [kafka-log-cleaner-thread-0]: Shutting down (kafka.log.LogCleaner)
[2021-02-20 21:08:38,029] INFO [kafka-log-cleaner-thread-0]: Stopped (kafka.log.LogCleaner)
[2021-02-20 21:08:38,029] INFO [kafka-log-cleaner-thread-0]: Shutdown completed (kafka.log.LogCleaner)
[2021-02-20 21:09:12,798] INFO Starting the log cleaner (kafka.log.LogCleaner)
[2021-02-20 21:09:12,935] INFO [kafka-log-cleaner-thread-0]: Starting (kafka.log.LogCleaner)
[2021-02-21 01:12:28,789] INFO Starting the log cleaner (kafka.log.LogCleaner)
[2021-02-21 01:12:28,938] INFO [kafka-log-cleaner-thread-0]: Starting (kafka.log.LogCleaner)
[2021-02-21 02:04:33,354] INFO Shutting down the log cleaner. (kafka.log.LogCleaner)
[2021-02-21 02:04:33,360] INFO [kafka-log-cleaner-thread-0]: Shutting down (kafka.log.LogCleaner)
[2021-02-21 02:04:33,361] INFO [kafka-log-cleaner-thread-0]: Stopped (kafka.log.LogCleaner)
[2021-02-21 02:04:33,361] INFO [kafka-log-cleaner-thread-0]: Shutdown completed (kafka.log.LogCleaner)
